{
  "logs": [
    {
      "level": 3,
      "time": 1649024198011,
      "date": "2022-04-03T22:16:38.011Z",
      "msg": "[Rebirth] Framework initializing.",
      "tag": "",
      "v": 1
    },
    {
      "level": 3,
      "time": 1649024198253,
      "date": "2022-04-03T22:16:38.253Z",
      "msg": "[Rebirth] Database connected.",
      "tag": "",
      "v": 1
    },
    {
      "level": 3,
      "time": 1649024198340,
      "date": "2022-04-03T22:16:38.340Z",
      "msg": "[Rebirth] Player Service Initialized.",
      "tag": "",
      "v": 1
    },
    {
      "level": 3,
      "time": 1649024218876,
      "date": "2022-04-03T22:16:58.876Z",
      "msg": "[Rebirth] Framework initializing.",
      "tag": "",
      "v": 1
    },
    {
      "level": 3,
      "time": 1649024218945,
      "date": "2022-04-03T22:16:58.945Z",
      "msg": "[Rebirth] Database connected.",
      "tag": "",
      "v": 1
    },
    {
      "level": 3,
      "time": 1649024219047,
      "date": "2022-04-03T22:16:59.047Z",
      "msg": "[Rebirth] Player Service Initialized.",
      "tag": "",
      "v": 1
    },
    {
      "level": 3,
      "time": 1649024219500,
      "date": "2022-04-03T22:16:59.500Z",
      "msg": "[Rebirth] Discord API Connection Established.",
      "tag": "",
      "v": 1
    },
    {
      "level": 3,
      "time": 1649024255555,
      "date": "2022-04-03T22:17:35.555Z",
      "msg": "[BigBoy23] is connecting the server.",
      "tag": "",
      "v": 1
    },
    {
      "level": 3,
      "time": 1649024284907,
      "date": "2022-04-03T22:18:04.907Z",
      "msg": "[Player Service] Loaded Player [BigBoy23]",
      "tag": "",
      "v": 1
    },
    {
      "level": 3,
      "time": 1649024830964,
      "date": "2022-04-03T22:27:10.964Z",
      "msg": "[Rebirth] Framework initializing.",
      "tag": "",
      "v": 1
    },
    {
      "level": 3,
      "time": 1649024831106,
      "date": "2022-04-03T22:27:11.106Z",
      "msg": "[Rebirth] Database connected.",
      "tag": "",
      "v": 1
    },
    {
      "level": 3,
      "time": 1649024831235,
      "date": "2022-04-03T22:27:11.235Z",
      "msg": "[Rebirth] Player Service Initialized.",
      "tag": "",
      "v": 1
    },
    {
      "level": 3,
      "time": 1649024831746,
      "date": "2022-04-03T22:27:11.746Z",
      "msg": "[Rebirth] Discord API Connection Established.",
      "tag": "",
      "v": 1
    },
    {
      "level": 3,
      "time": 1649024832146,
      "date": "2022-04-03T22:27:12.146Z",
      "msg": "[Player Service] Loaded Player [BigBoy23]",
      "tag": "",
      "v": 1
    },
    {
      "level": 3,
      "time": 1649024891836,
      "date": "2022-04-03T22:28:11.836Z",
      "msg": "[Rebirth] Framework initializing.",
      "tag": "",
      "v": 1
    },
    {
      "level": 3,
      "time": 1649024891936,
      "date": "2022-04-03T22:28:11.936Z",
      "msg": "[Rebirth] Database connected.",
      "tag": "",
      "v": 1
    },
    {
      "level": 3,
      "time": 1649024892063,
      "date": "2022-04-03T22:28:12.063Z",
      "msg": "[Rebirth] Player Service Initialized.",
      "tag": "",
      "v": 1
    },
    {
      "level": 3,
      "time": 1649024892493,
      "date": "2022-04-03T22:28:12.493Z",
      "msg": "[Rebirth] Discord API Connection Established.",
      "tag": "",
      "v": 1
    },
    {
      "level": 3,
      "time": 1649024893003,
      "date": "2022-04-03T22:28:13.003Z",
      "msg": "[Player Service] Loaded Player [BigBoy23]",
      "tag": "",
      "v": 1
    },
    {
      "level": 3,
      "time": 1649024901041,
      "date": "2022-04-03T22:28:21.041Z",
      "msg": "[Rebirth] Framework initializing.",
      "tag": "",
      "v": 1
    },
    {
      "level": 3,
      "time": 1649024901131,
      "date": "2022-04-03T22:28:21.131Z",
      "msg": "[Rebirth] Database connected.",
      "tag": "",
      "v": 1
    },
    {
      "level": 3,
      "time": 1649024901224,
      "date": "2022-04-03T22:28:21.224Z",
      "msg": "[Rebirth] Player Service Initialized.",
      "tag": "",
      "v": 1
    },
    {
      "level": 3,
      "time": 1649024901702,
      "date": "2022-04-03T22:28:21.702Z",
      "msg": "[Rebirth] Discord API Connection Established.",
      "tag": "",
      "v": 1
    },
    {
      "level": 3,
      "time": 1649024902191,
      "date": "2022-04-03T22:28:22.191Z",
      "msg": "[Player Service] Loaded Player [BigBoy23]",
      "tag": "",
      "v": 1
    },
    {
      "level": 3,
      "time": 1649024917147,
      "date": "2022-04-03T22:28:37.147Z",
      "msg": "[Rebirth] Framework initializing.",
      "tag": "",
      "v": 1
    },
    {
      "level": 3,
      "time": 1649024918148,
      "date": "2022-04-03T22:28:38.148Z",
      "msg": "[Rebirth] Database connected.",
      "tag": "",
      "v": 1
    },
    {
      "level": 3,
      "time": 1649024918722,
      "date": "2022-04-03T22:28:38.722Z",
      "msg": "[Rebirth] Player Service Initialized.",
      "tag": "",
      "v": 1
    },
    {
      "level": 3,
      "time": 1649024919485,
      "date": "2022-04-03T22:28:39.485Z",
      "msg": "[Player Service] Loaded Player [BigBoy23]",
      "tag": "",
      "v": 1
    },
    {
      "level": 3,
      "time": 1649024920081,
      "date": "2022-04-03T22:28:40.081Z",
      "msg": "[Rebirth] Discord API Connection Established.",
      "tag": "",
      "v": 1
    },
    {
      "level": 3,
      "time": 1649024960190,
      "date": "2022-04-03T22:29:20.190Z",
      "msg": "BigBoy23 has left the server.",
      "tag": "",
      "v": 1
    },
    {
      "level": 3,
      "time": 1649025003638,
      "date": "2022-04-03T22:30:03.638Z",
      "msg": "[Rebirth] Framework initializing.",
      "tag": "",
      "v": 1
    },
    {
      "level": 3,
      "time": 1649025003728,
      "date": "2022-04-03T22:30:03.728Z",
      "msg": "[Rebirth] Database connected.",
      "tag": "",
      "v": 1
    },
    {
      "level": 3,
      "time": 1649025003857,
      "date": "2022-04-03T22:30:03.857Z",
      "msg": "[Rebirth] Player Service Initialized.",
      "tag": "",
      "v": 1
    },
    {
      "level": 3,
      "time": 1649025011060,
      "date": "2022-04-03T22:30:11.060Z",
      "msg": "[Rebirth] Discord API Connection Established.",
      "tag": "",
      "v": 1
    },
    {
      "level": 3,
      "time": 1649025023716,
      "date": "2022-04-03T22:30:23.716Z",
      "msg": "[BigBoy23] is connecting the server.",
      "tag": "",
      "v": 1
    },
    {
      "level": 3,
      "time": 1649025051793,
      "date": "2022-04-03T22:30:51.793Z",
      "msg": "[Player Service] Loaded Player [BigBoy23]",
      "tag": "",
      "v": 1
    },
    {
      "level": 3,
      "time": 1649025119352,
      "date": "2022-04-03T22:31:59.352Z",
      "msg": "[Rebirth] Framework initializing.",
      "tag": "",
      "v": 1
    },
    {
      "level": 3,
      "time": 1649025119421,
      "date": "2022-04-03T22:31:59.421Z",
      "msg": "[Rebirth] Database connected.",
      "tag": "",
      "v": 1
    },
    {
      "level": 3,
      "time": 1649025119575,
      "date": "2022-04-03T22:31:59.575Z",
      "msg": "[Rebirth] Player Service Initialized.",
      "tag": "",
      "v": 1
    },
    {
      "level": 3,
      "time": 1649025120054,
      "date": "2022-04-03T22:32:00.054Z",
      "msg": "[Rebirth] Discord API Connection Established.",
      "tag": "",
      "v": 1
    },
    {
      "level": 3,
      "time": 1649025120476,
      "date": "2022-04-03T22:32:00.476Z",
      "msg": "[Player Service] Loaded Player [BigBoy23]",
      "tag": "",
      "v": 1
    },
    {
      "level": 3,
      "time": 1649025138211,
      "date": "2022-04-03T22:32:18.211Z",
      "msg": "BigBoy23 has left the server.",
      "tag": "",
      "v": 1
    },
    {
      "level": 3,
      "time": 1649025176270,
      "date": "2022-04-03T22:32:56.270Z",
      "msg": "[Rebirth] Framework initializing.",
      "tag": "",
      "v": 1
    },
    {
      "level": 3,
      "time": 1649025176340,
      "date": "2022-04-03T22:32:56.340Z",
      "msg": "[Rebirth] Database connected.",
      "tag": "",
      "v": 1
    },
    {
      "level": 3,
      "time": 1649025176441,
      "date": "2022-04-03T22:32:56.441Z",
      "msg": "[Rebirth] Player Service Initialized.",
      "tag": "",
      "v": 1
    },
    {
      "level": 3,
      "time": 1649025176955,
      "date": "2022-04-03T22:32:56.955Z",
      "msg": "[Rebirth] Discord API Connection Established.",
      "tag": "",
      "v": 1
    },
    {
      "level": 3,
      "time": 1649025207063,
      "date": "2022-04-03T22:33:27.063Z",
      "msg": "[BigBoy23] is connecting the server.",
      "tag": "",
      "v": 1
    },
    {
      "level": 3,
      "time": 1649025221561,
      "date": "2022-04-03T22:33:41.561Z",
      "msg": "[Player Service] Loaded Player [BigBoy23]",
      "tag": "",
      "v": 1
    },
    {
      "level": 3,
      "time": 1649025459954,
      "date": "2022-04-03T22:37:39.954Z",
      "msg": "[Rebirth] Framework initializing.",
      "tag": "",
      "v": 1
    },
    {
      "level": 3,
      "time": 1649025460122,
      "date": "2022-04-03T22:37:40.122Z",
      "msg": "[Rebirth] Database connected.",
      "tag": "",
      "v": 1
    },
    {
      "level": 3,
      "time": 1649025460186,
      "date": "2022-04-03T22:37:40.186Z",
      "msg": "[Rebirth] Player Service Initialized.",
      "tag": "",
      "v": 1
    },
    {
      "level": 3,
      "time": 1649025460887,
      "date": "2022-04-03T22:37:40.887Z",
      "msg": "[Rebirth] Discord API Connection Established.",
      "tag": "",
      "v": 1
    },
    {
      "level": 3,
      "time": 1649025461145,
      "date": "2022-04-03T22:37:41.145Z",
      "msg": "[Player Service] Loaded Player [BigBoy23]",
      "tag": "",
      "v": 1
    },
    {
      "level": 3,
      "time": 1649025469252,
      "date": "2022-04-03T22:37:49.252Z",
      "msg": "[Rebirth] Framework initializing.",
      "tag": "",
      "v": 1
    },
    {
      "level": 3,
      "time": 1649025469448,
      "date": "2022-04-03T22:37:49.448Z",
      "msg": "[Rebirth] Database connected.",
      "tag": "",
      "v": 1
    },
    {
      "level": 3,
      "time": 1649025469509,
      "date": "2022-04-03T22:37:49.509Z",
      "msg": "[Rebirth] Player Service Initialized.",
      "tag": "",
      "v": 1
    },
    {
      "level": 3,
      "time": 1649025470245,
      "date": "2022-04-03T22:37:50.245Z",
      "msg": "[Rebirth] Discord API Connection Established.",
      "tag": "",
      "v": 1
    },
    {
      "level": 3,
      "time": 1649025470437,
      "date": "2022-04-03T22:37:50.437Z",
      "msg": "[Player Service] Loaded Player [BigBoy23]",
      "tag": "",
      "v": 1
    },
    {
      "level": 3,
      "time": 1649025505431,
      "date": "2022-04-03T22:38:25.431Z",
      "msg": "[Rebirth] Framework initializing.",
      "tag": "",
      "v": 1
    },
    {
      "level": 3,
      "time": 1649025505636,
      "date": "2022-04-03T22:38:25.636Z",
      "msg": "[Rebirth] Database connected.",
      "tag": "",
      "v": 1
    },
    {
      "level": 3,
      "time": 1649025505700,
      "date": "2022-04-03T22:38:25.700Z",
      "msg": "[Rebirth] Player Service Initialized.",
      "tag": "",
      "v": 1
    },
    {
      "level": 3,
      "time": 1649025506313,
      "date": "2022-04-03T22:38:26.313Z",
      "msg": "[Rebirth] Discord API Connection Established.",
      "tag": "",
      "v": 1
    },
    {
      "level": 3,
      "time": 1649025506648,
      "date": "2022-04-03T22:38:26.648Z",
      "msg": "[Player Service] Loaded Player [BigBoy23]",
      "tag": "",
      "v": 1
    },
    {
      "level": 3,
      "time": 1649025570604,
      "date": "2022-04-03T22:39:30.604Z",
      "msg": "[Rebirth] Framework initializing.",
      "tag": "",
      "v": 1
    },
    {
      "level": 3,
      "time": 1649025570699,
      "date": "2022-04-03T22:39:30.699Z",
      "msg": "[Rebirth] Database connected.",
      "tag": "",
      "v": 1
    },
    {
      "level": 3,
      "time": 1649025570842,
      "date": "2022-04-03T22:39:30.842Z",
      "msg": "[Rebirth] Player Service Initialized.",
      "tag": "",
      "v": 1
    },
    {
      "level": 3,
      "time": 1649025571817,
      "date": "2022-04-03T22:39:31.817Z",
      "msg": "[Player Service] Loaded Player [BigBoy23]",
      "tag": "",
      "v": 1
    },
    {
      "level": 3,
      "time": 1649025577158,
      "date": "2022-04-03T22:39:37.158Z",
      "msg": "[Rebirth] Discord API Connection Established.",
      "tag": "",
      "v": 1
    },
    {
      "level": 3,
      "time": 1649025582719,
      "date": "2022-04-03T22:39:42.719Z",
      "msg": "[Rebirth] Framework initializing.",
      "tag": "",
      "v": 1
    },
    {
      "level": 3,
      "time": 1649025582888,
      "date": "2022-04-03T22:39:42.888Z",
      "msg": "[Rebirth] Database connected.",
      "tag": "",
      "v": 1
    },
    {
      "level": 3,
      "time": 1649025582943,
      "date": "2022-04-03T22:39:42.943Z",
      "msg": "[Rebirth] Player Service Initialized.",
      "tag": "",
      "v": 1
    },
    {
      "level": 3,
      "time": 1649025583523,
      "date": "2022-04-03T22:39:43.523Z",
      "msg": "[Rebirth] Discord API Connection Established.",
      "tag": "",
      "v": 1
    },
    {
      "level": 3,
      "time": 1649025583858,
      "date": "2022-04-03T22:39:43.858Z",
      "msg": "[Player Service] Loaded Player [BigBoy23]",
      "tag": "",
      "v": 1
    },
    {
      "level": 3,
      "time": 1649025614971,
      "date": "2022-04-03T22:40:14.971Z",
      "msg": "[Rebirth] Framework initializing.",
      "tag": "",
      "v": 1
    },
    {
      "level": 3,
      "time": 1649025615131,
      "date": "2022-04-03T22:40:15.131Z",
      "msg": "[Rebirth] Database connected.",
      "tag": "",
      "v": 1
    },
    {
      "level": 3,
      "time": 1649025615192,
      "date": "2022-04-03T22:40:15.192Z",
      "msg": "[Rebirth] Player Service Initialized.",
      "tag": "",
      "v": 1
    },
    {
      "level": 3,
      "time": 1649025615846,
      "date": "2022-04-03T22:40:15.846Z",
      "msg": "[Rebirth] Discord API Connection Established.",
      "tag": "",
      "v": 1
    },
    {
      "level": 3,
      "time": 1649025616191,
      "date": "2022-04-03T22:40:16.191Z",
      "msg": "[Player Service] Loaded Player [BigBoy23]",
      "tag": "",
      "v": 1
    },
    {
      "level": 3,
      "time": 1649025631147,
      "date": "2022-04-03T22:40:31.147Z",
      "msg": "[Rebirth] Framework initializing.",
      "tag": "",
      "v": 1
    },
    {
      "level": 3,
      "time": 1649025631317,
      "date": "2022-04-03T22:40:31.317Z",
      "msg": "[Rebirth] Database connected.",
      "tag": "",
      "v": 1
    },
    {
      "level": 3,
      "time": 1649025631384,
      "date": "2022-04-03T22:40:31.384Z",
      "msg": "[Rebirth] Player Service Initialized.",
      "tag": "",
      "v": 1
    },
    {
      "level": 3,
      "time": 1649025631953,
      "date": "2022-04-03T22:40:31.953Z",
      "msg": "[Rebirth] Discord API Connection Established.",
      "tag": "",
      "v": 1
    },
    {
      "level": 3,
      "time": 1649025632294,
      "date": "2022-04-03T22:40:32.294Z",
      "msg": "[Player Service] Loaded Player [BigBoy23]",
      "tag": "",
      "v": 1
    },
    {
      "level": 3,
      "time": 1649028088425,
      "date": "2022-04-03T23:21:28.425Z",
      "msg": "BigBoy23 has left the server.",
      "tag": "",
      "v": 1
    },
    {
      "level": 3,
      "time": 1649054559533,
      "date": "2022-04-04T06:42:39.533Z",
      "msg": "[Rebirth] Framework initializing.",
      "tag": "",
      "v": 1
    },
    {
      "level": 3,
      "time": 1649054559754,
      "date": "2022-04-04T06:42:39.754Z",
      "msg": "[Rebirth] Database connected.",
      "tag": "",
      "v": 1
    },
    {
      "level": 3,
      "time": 1649054559824,
      "date": "2022-04-04T06:42:39.824Z",
      "msg": "[Rebirth] Player Service Initialized.",
      "tag": "",
      "v": 1
    },
    {
      "level": 3,
      "time": 1649054560514,
      "date": "2022-04-04T06:42:40.514Z",
      "msg": "[Rebirth] Discord API Connection Established.",
      "tag": "",
      "v": 1
    },
    {
      "level": 3,
      "time": 1649054581145,
      "date": "2022-04-04T06:43:01.145Z",
      "msg": "[BigBoy23] is connecting the server.",
      "tag": "",
      "v": 1
    },
    {
      "level": 3,
      "time": 1649054598997,
      "date": "2022-04-04T06:43:18.997Z",
      "msg": "[Player Service] Loaded Player [BigBoy23]",
      "tag": "",
      "v": 1
    },
    {
      "level": 3,
      "time": 1649054943717,
      "date": "2022-04-04T06:49:03.717Z",
      "msg": "[Rebirth] Framework initializing.",
      "tag": "",
      "v": 1
    },
    {
      "level": 3,
      "time": 1649054943872,
      "date": "2022-04-04T06:49:03.872Z",
      "msg": "[Rebirth] Database connected.",
      "tag": "",
      "v": 1
    },
    {
      "level": 3,
      "time": 1649054943941,
      "date": "2022-04-04T06:49:03.941Z",
      "msg": "[Rebirth] Player Service Initialized.",
      "tag": "",
      "v": 1
    },
    {
      "level": 3,
      "time": 1649054944518,
      "date": "2022-04-04T06:49:04.518Z",
      "msg": "[Rebirth] Discord API Connection Established.",
      "tag": "",
      "v": 1
    },
    {
      "level": 3,
      "time": 1649054944898,
      "date": "2022-04-04T06:49:04.898Z",
      "msg": "[Player Service] Loaded Player [BigBoy23]",
      "tag": "",
      "v": 1
    },
    {
      "level": 3,
      "time": 1649055038049,
      "date": "2022-04-04T06:50:38.049Z",
      "msg": "[Rebirth] Framework initializing.",
      "tag": "",
      "v": 1
    },
    {
      "level": 3,
      "time": 1649055038206,
      "date": "2022-04-04T06:50:38.206Z",
      "msg": "[Rebirth] Database connected.",
      "tag": "",
      "v": 1
    },
    {
      "level": 3,
      "time": 1649055038265,
      "date": "2022-04-04T06:50:38.265Z",
      "msg": "[Rebirth] Player Service Initialized.",
      "tag": "",
      "v": 1
    },
    {
      "level": 3,
      "time": 1649055038874,
      "date": "2022-04-04T06:50:38.874Z",
      "msg": "[Rebirth] Discord API Connection Established.",
      "tag": "",
      "v": 1
    },
    {
      "level": 3,
      "time": 1649055039194,
      "date": "2022-04-04T06:50:39.194Z",
      "msg": "[Player Service] Loaded Player [BigBoy23]",
      "tag": "",
      "v": 1
    },
    {
      "level": 3,
      "time": 1649055084678,
      "date": "2022-04-04T06:51:24.678Z",
      "msg": "[Rebirth] Framework initializing.",
      "tag": "",
      "v": 1
    },
    {
      "level": 3,
      "time": 1649055084809,
      "date": "2022-04-04T06:51:24.809Z",
      "msg": "[Rebirth] Database connected.",
      "tag": "",
      "v": 1
    },
    {
      "level": 3,
      "time": 1649055084914,
      "date": "2022-04-04T06:51:24.914Z",
      "msg": "[Rebirth] Player Service Initialized.",
      "tag": "",
      "v": 1
    },
    {
      "level": 3,
      "time": 1649055085417,
      "date": "2022-04-04T06:51:25.417Z",
      "msg": "[Rebirth] Discord API Connection Established.",
      "tag": "",
      "v": 1
    },
    {
      "level": 3,
      "time": 1649055085864,
      "date": "2022-04-04T06:51:25.864Z",
      "msg": "[Player Service] Loaded Player [BigBoy23]",
      "tag": "",
      "v": 1
    },
    {
      "level": 3,
      "time": 1649055127660,
      "date": "2022-04-04T06:52:07.660Z",
      "msg": "[Rebirth] Framework initializing.",
      "tag": "",
      "v": 1
    },
    {
      "level": 3,
      "time": 1649055127789,
      "date": "2022-04-04T06:52:07.789Z",
      "msg": "[Rebirth] Database connected.",
      "tag": "",
      "v": 1
    },
    {
      "level": 3,
      "time": 1649055127877,
      "date": "2022-04-04T06:52:07.877Z",
      "msg": "[Rebirth] Player Service Initialized.",
      "tag": "",
      "v": 1
    },
    {
      "level": 3,
      "time": 1649055128863,
      "date": "2022-04-04T06:52:08.863Z",
      "msg": "[Player Service] Loaded Player [BigBoy23]",
      "tag": "",
      "v": 1
    },
    {
      "level": 3,
      "time": 1649055134892,
      "date": "2022-04-04T06:52:14.892Z",
      "msg": "BigBoy23 has left the server.",
      "tag": "",
      "v": 1
    },
    {
      "level": 3,
      "time": 1649055135774,
      "date": "2022-04-04T06:52:15.774Z",
      "msg": "[Rebirth] Discord API Connection Established.",
      "tag": "",
      "v": 1
    },
    {
      "level": 3,
      "time": 1649055140262,
      "date": "2022-04-04T06:52:20.262Z",
      "msg": "[Rebirth] Framework initializing.",
      "tag": "",
      "v": 1
    },
    {
      "level": 3,
      "time": 1649055140354,
      "date": "2022-04-04T06:52:20.354Z",
      "msg": "[Rebirth] Database connected.",
      "tag": "",
      "v": 1
    },
    {
      "level": 3,
      "time": 1649055140477,
      "date": "2022-04-04T06:52:20.477Z",
      "msg": "[Rebirth] Player Service Initialized.",
      "tag": "",
      "v": 1
    },
    {
      "level": 3,
      "time": 1649055140966,
      "date": "2022-04-04T06:52:20.966Z",
      "msg": "[Rebirth] Discord API Connection Established.",
      "tag": "",
      "v": 1
    },
    {
      "level": 3,
      "time": 1649055161636,
      "date": "2022-04-04T06:52:41.636Z",
      "msg": "[BigBoy23] is connecting the server.",
      "tag": "",
      "v": 1
    },
    {
      "level": 3,
      "time": 1649055188653,
      "date": "2022-04-04T06:53:08.653Z",
      "msg": "[Player Service] Loaded Player [BigBoy23]",
      "tag": "",
      "v": 1
    },
    {
      "level": 3,
      "time": 1649055284224,
      "date": "2022-04-04T06:54:44.224Z",
      "msg": "[Rebirth] Framework initializing.",
      "tag": "",
      "v": 1
    },
    {
      "level": 3,
      "time": 1649055284381,
      "date": "2022-04-04T06:54:44.381Z",
      "msg": "[Rebirth] Database connected.",
      "tag": "",
      "v": 1
    },
    {
      "level": 3,
      "time": 1649055284446,
      "date": "2022-04-04T06:54:44.446Z",
      "msg": "[Rebirth] Player Service Initialized.",
      "tag": "",
      "v": 1
    },
    {
      "level": 3,
      "time": 1649055285412,
      "date": "2022-04-04T06:54:45.412Z",
      "msg": "[Player Service] Loaded Player [BigBoy23]",
      "tag": "",
      "v": 1
    },
    {
      "level": 3,
      "time": 1649055291989,
      "date": "2022-04-04T06:54:51.989Z",
      "msg": "[Rebirth] Discord API Connection Established.",
      "tag": "",
      "v": 1
    },
    {
      "level": 3,
      "time": 1649057656588,
      "date": "2022-04-04T07:34:16.588Z",
      "msg": "[Rebirth] Framework initializing.",
      "tag": "",
      "v": 1
    },
    {
      "level": 3,
      "time": 1649057656689,
      "date": "2022-04-04T07:34:16.689Z",
      "msg": "[Rebirth] Database connected.",
      "tag": "",
      "v": 1
    },
    {
      "level": 3,
      "time": 1649057656829,
      "date": "2022-04-04T07:34:16.829Z",
      "msg": "[Rebirth] Player Service Initialized.",
      "tag": "",
      "v": 1
    },
    {
      "level": 3,
      "time": 1649057657290,
      "date": "2022-04-04T07:34:17.290Z",
      "msg": "[Rebirth] Discord API Connection Established.",
      "tag": "",
      "v": 1
    },
    {
      "level": 3,
      "time": 1649057657779,
      "date": "2022-04-04T07:34:17.779Z",
      "msg": "[Player Service] Loaded Player [BigBoy23]",
      "tag": "",
      "v": 1
    },
    {
      "level": 3,
      "time": 1649057708108,
      "date": "2022-04-04T07:35:08.108Z",
      "msg": "[Rebirth] Framework initializing.",
      "tag": "",
      "v": 1
    },
    {
      "level": 3,
      "time": 1649057708277,
      "date": "2022-04-04T07:35:08.277Z",
      "msg": "[Rebirth] Database connected.",
      "tag": "",
      "v": 1
    },
    {
      "level": 3,
      "time": 1649057708352,
      "date": "2022-04-04T07:35:08.352Z",
      "msg": "[Rebirth] Player Service Initialized.",
      "tag": "",
      "v": 1
    },
    {
      "level": 3,
      "time": 1649057709092,
      "date": "2022-04-04T07:35:09.092Z",
      "msg": "[Rebirth] Discord API Connection Established.",
      "tag": "",
      "v": 1
    },
    {
      "level": 3,
      "time": 1649057709320,
      "date": "2022-04-04T07:35:09.320Z",
      "msg": "[Player Service] Loaded Player [BigBoy23]",
      "tag": "",
      "v": 1
    },
    {
      "level": 3,
      "time": 1649057732832,
      "date": "2022-04-04T07:35:32.832Z",
      "msg": "[Rebirth] Framework initializing.",
      "tag": "",
      "v": 1
    },
    {
      "level": 3,
      "time": 1649057732973,
      "date": "2022-04-04T07:35:32.973Z",
      "msg": "[Rebirth] Database connected.",
      "tag": "",
      "v": 1
    },
    {
      "level": 3,
      "time": 1649057733044,
      "date": "2022-04-04T07:35:33.044Z",
      "msg": "[Rebirth] Player Service Initialized.",
      "tag": "",
      "v": 1
    },
    {
      "level": 3,
      "time": 1649057734026,
      "date": "2022-04-04T07:35:34.026Z",
      "msg": "[Player Service] Loaded Player [BigBoy23]",
      "tag": "",
      "v": 1
    },
    {
      "level": 3,
      "time": 1649057739230,
      "date": "2022-04-04T07:35:39.230Z",
      "msg": "[Rebirth] Discord API Connection Established.",
      "tag": "",
      "v": 1
    },
    {
      "level": 3,
      "time": 1649057770760,
      "date": "2022-04-04T07:36:10.760Z",
      "msg": "[Rebirth] Framework initializing.",
      "tag": "",
      "v": 1
    },
    {
      "level": 3,
      "time": 1649057770965,
      "date": "2022-04-04T07:36:10.965Z",
      "msg": "[Rebirth] Database connected.",
      "tag": "",
      "v": 1
    },
    {
      "level": 3,
      "time": 1649057771039,
      "date": "2022-04-04T07:36:11.039Z",
      "msg": "[Rebirth] Player Service Initialized.",
      "tag": "",
      "v": 1
    },
    {
      "level": 3,
      "time": 1649057771704,
      "date": "2022-04-04T07:36:11.704Z",
      "msg": "[Rebirth] Discord API Connection Established.",
      "tag": "",
      "v": 1
    },
    {
      "level": 3,
      "time": 1649057771925,
      "date": "2022-04-04T07:36:11.925Z",
      "msg": "[Player Service] Loaded Player [BigBoy23]",
      "tag": "",
      "v": 1
    },
    {
      "level": 3,
      "time": 1649057881242,
      "date": "2022-04-04T07:38:01.242Z",
      "msg": "[Rebirth] Framework initializing.",
      "tag": "",
      "v": 1
    },
    {
      "level": 3,
      "time": 1649057881362,
      "date": "2022-04-04T07:38:01.362Z",
      "msg": "[Rebirth] Database connected.",
      "tag": "",
      "v": 1
    },
    {
      "level": 3,
      "time": 1649057881425,
      "date": "2022-04-04T07:38:01.425Z",
      "msg": "[Rebirth] Player Service Initialized.",
      "tag": "",
      "v": 1
    },
    {
      "level": 3,
      "time": 1649057881999,
      "date": "2022-04-04T07:38:01.999Z",
      "msg": "[Rebirth] Discord API Connection Established.",
      "tag": "",
      "v": 1
    },
    {
      "level": 3,
      "time": 1649057882393,
      "date": "2022-04-04T07:38:02.393Z",
      "msg": "[Player Service] Loaded Player [BigBoy23]",
      "tag": "",
      "v": 1
    },
    {
      "level": 3,
      "time": 1649057988741,
      "date": "2022-04-04T07:39:48.741Z",
      "msg": "[Rebirth] Framework initializing.",
      "tag": "",
      "v": 1
    },
    {
      "level": 3,
      "time": 1649057988866,
      "date": "2022-04-04T07:39:48.866Z",
      "msg": "[Rebirth] Database connected.",
      "tag": "",
      "v": 1
    },
    {
      "level": 3,
      "time": 1649057988953,
      "date": "2022-04-04T07:39:48.953Z",
      "msg": "[Rebirth] Player Service Initialized.",
      "tag": "",
      "v": 1
    },
    {
      "level": 3,
      "time": 1649057989732,
      "date": "2022-04-04T07:39:49.732Z",
      "msg": "[Rebirth] Discord API Connection Established.",
      "tag": "",
      "v": 1
    },
    {
      "level": 3,
      "time": 1649057989901,
      "date": "2022-04-04T07:39:49.901Z",
      "msg": "[Player Service] Loaded Player [BigBoy23]",
      "tag": "",
      "v": 1
    },
    {
      "level": 3,
      "time": 1649058014254,
      "date": "2022-04-04T07:40:14.254Z",
      "msg": "[Rebirth] Framework initializing.",
      "tag": "",
      "v": 1
    },
    {
      "level": 3,
      "time": 1649058014358,
      "date": "2022-04-04T07:40:14.358Z",
      "msg": "[Rebirth] Database connected.",
      "tag": "",
      "v": 1
    },
    {
      "level": 3,
      "time": 1649058014536,
      "date": "2022-04-04T07:40:14.536Z",
      "msg": "[Rebirth] Player Service Initialized.",
      "tag": "",
      "v": 1
    },
    {
      "level": 3,
      "time": 1649058015014,
      "date": "2022-04-04T07:40:15.014Z",
      "msg": "[Rebirth] Discord API Connection Established.",
      "tag": "",
      "v": 1
    },
    {
      "level": 3,
      "time": 1649058015440,
      "date": "2022-04-04T07:40:15.440Z",
      "msg": "[Player Service] Loaded Player [BigBoy23]",
      "tag": "",
      "v": 1
    },
    {
      "level": 3,
      "time": 1649058068207,
      "date": "2022-04-04T07:41:08.207Z",
      "msg": "[Rebirth] Framework initializing.",
      "tag": "",
      "v": 1
    },
    {
      "level": 3,
      "time": 1649058068296,
      "date": "2022-04-04T07:41:08.296Z",
      "msg": "[Rebirth] Database connected.",
      "tag": "",
      "v": 1
    },
    {
      "level": 3,
      "time": 1649058068430,
      "date": "2022-04-04T07:41:08.430Z",
      "msg": "[Rebirth] Player Service Initialized.",
      "tag": "",
      "v": 1
    },
    {
      "level": 3,
      "time": 1649058068955,
      "date": "2022-04-04T07:41:08.955Z",
      "msg": "[Rebirth] Discord API Connection Established.",
      "tag": "",
      "v": 1
    },
    {
      "level": 3,
      "time": 1649058069393,
      "date": "2022-04-04T07:41:09.393Z",
      "msg": "[Player Service] Loaded Player [BigBoy23]",
      "tag": "",
      "v": 1
    },
    {
      "level": 3,
      "time": 1649058079561,
      "date": "2022-04-04T07:41:19.561Z",
      "msg": "[Rebirth] Framework initializing.",
      "tag": "",
      "v": 1
    },
    {
      "level": 3,
      "time": 1649058079691,
      "date": "2022-04-04T07:41:19.691Z",
      "msg": "[Rebirth] Database connected.",
      "tag": "",
      "v": 1
    },
    {
      "level": 3,
      "time": 1649058079754,
      "date": "2022-04-04T07:41:19.754Z",
      "msg": "[Rebirth] Player Service Initialized.",
      "tag": "",
      "v": 1
    },
    {
      "level": 3,
      "time": 1649058080388,
      "date": "2022-04-04T07:41:20.388Z",
      "msg": "[Rebirth] Discord API Connection Established.",
      "tag": "",
      "v": 1
    },
    {
      "level": 3,
      "time": 1649058080695,
      "date": "2022-04-04T07:41:20.695Z",
      "msg": "[Player Service] Loaded Player [BigBoy23]",
      "tag": "",
      "v": 1
    },
    {
      "level": 3,
      "time": 1649058132102,
      "date": "2022-04-04T07:42:12.102Z",
      "msg": "[Rebirth] Framework initializing.",
      "tag": "",
      "v": 1
    },
    {
      "level": 3,
      "time": 1649058132229,
      "date": "2022-04-04T07:42:12.229Z",
      "msg": "[Rebirth] Database connected.",
      "tag": "",
      "v": 1
    },
    {
      "level": 3,
      "time": 1649058132334,
      "date": "2022-04-04T07:42:12.334Z",
      "msg": "[Rebirth] Player Service Initialized.",
      "tag": "",
      "v": 1
    },
    {
      "level": 3,
      "time": 1649058132841,
      "date": "2022-04-04T07:42:12.841Z",
      "msg": "[Rebirth] Discord API Connection Established.",
      "tag": "",
      "v": 1
    },
    {
      "level": 3,
      "time": 1649058133250,
      "date": "2022-04-04T07:42:13.250Z",
      "msg": "[Player Service] Loaded Player [BigBoy23]",
      "tag": "",
      "v": 1
    },
    {
      "level": 3,
      "time": 1649058189359,
      "date": "2022-04-04T07:43:09.359Z",
      "msg": "[Rebirth] Framework initializing.",
      "tag": "",
      "v": 1
    },
    {
      "level": 3,
      "time": 1649058189489,
      "date": "2022-04-04T07:43:09.489Z",
      "msg": "[Rebirth] Database connected.",
      "tag": "",
      "v": 1
    },
    {
      "level": 3,
      "time": 1649058189571,
      "date": "2022-04-04T07:43:09.571Z",
      "msg": "[Rebirth] Player Service Initialized.",
      "tag": "",
      "v": 1
    },
    {
      "level": 3,
      "time": 1649058190199,
      "date": "2022-04-04T07:43:10.199Z",
      "msg": "[Rebirth] Discord API Connection Established.",
      "tag": "",
      "v": 1
    },
    {
      "level": 3,
      "time": 1649058190531,
      "date": "2022-04-04T07:43:10.531Z",
      "msg": "[Player Service] Loaded Player [BigBoy23]",
      "tag": "",
      "v": 1
    },
    {
      "level": 3,
      "time": 1649058236285,
      "date": "2022-04-04T07:43:56.285Z",
      "msg": "[Rebirth] Framework initializing.",
      "tag": "",
      "v": 1
    },
    {
      "level": 3,
      "time": 1649058236353,
      "date": "2022-04-04T07:43:56.353Z",
      "msg": "[Rebirth] Database connected.",
      "tag": "",
      "v": 1
    },
    {
      "level": 3,
      "time": 1649058236507,
      "date": "2022-04-04T07:43:56.507Z",
      "msg": "[Rebirth] Player Service Initialized.",
      "tag": "",
      "v": 1
    },
    {
      "level": 3,
      "time": 1649058236927,
      "date": "2022-04-04T07:43:56.927Z",
      "msg": "[Rebirth] Discord API Connection Established.",
      "tag": "",
      "v": 1
    },
    {
      "level": 3,
      "time": 1649058237452,
      "date": "2022-04-04T07:43:57.452Z",
      "msg": "[Player Service] Loaded Player [BigBoy23]",
      "tag": "",
      "v": 1
    },
    {
      "level": 3,
      "time": 1649058247210,
      "date": "2022-04-04T07:44:07.210Z",
      "msg": "[Rebirth] Framework initializing.",
      "tag": "",
      "v": 1
    },
    {
      "level": 3,
      "time": 1649058247334,
      "date": "2022-04-04T07:44:07.334Z",
      "msg": "[Rebirth] Database connected.",
      "tag": "",
      "v": 1
    },
    {
      "level": 3,
      "time": 1649058247413,
      "date": "2022-04-04T07:44:07.413Z",
      "msg": "[Rebirth] Player Service Initialized.",
      "tag": "",
      "v": 1
    },
    {
      "level": 3,
      "time": 1649058247940,
      "date": "2022-04-04T07:44:07.940Z",
      "msg": "[Rebirth] Discord API Connection Established.",
      "tag": "",
      "v": 1
    },
    {
      "level": 3,
      "time": 1649058248365,
      "date": "2022-04-04T07:44:08.365Z",
      "msg": "[Player Service] Loaded Player [BigBoy23]",
      "tag": "",
      "v": 1
    },
    {
      "level": 4,
      "time": 1649058261222,
      "date": "2022-04-04T07:44:21.222Z",
      "msg": "",
      "tag": "",
      "v": 1
    },
    {
      "level": 3,
      "time": 1649058261468,
      "date": "2022-04-04T07:44:21.468Z",
      "msg": "[BigBoy23] Created Character test test",
      "tag": "",
      "v": 1
    },
    {
      "level": 3,
      "time": 1649058293176,
      "date": "2022-04-04T07:44:53.176Z",
      "msg": "[Rebirth] Framework initializing.",
      "tag": "",
      "v": 1
    },
    {
      "level": 3,
      "time": 1649058293303,
      "date": "2022-04-04T07:44:53.303Z",
      "msg": "[Rebirth] Database connected.",
      "tag": "",
      "v": 1
    },
    {
      "level": 3,
      "time": 1649058293395,
      "date": "2022-04-04T07:44:53.395Z",
      "msg": "[Rebirth] Player Service Initialized.",
      "tag": "",
      "v": 1
    },
    {
      "level": 3,
      "time": 1649058293868,
      "date": "2022-04-04T07:44:53.868Z",
      "msg": "[Rebirth] Discord API Connection Established.",
      "tag": "",
      "v": 1
    },
    {
      "level": 3,
      "time": 1649058294372,
      "date": "2022-04-04T07:44:54.372Z",
      "msg": "[Player Service] Loaded Player [BigBoy23]",
      "tag": "",
      "v": 1
    },
    {
      "level": 3,
      "time": 1649058303490,
      "date": "2022-04-04T07:45:03.490Z",
      "msg": "[Rebirth] Framework initializing.",
      "tag": "",
      "v": 1
    },
    {
      "level": 3,
      "time": 1649058303629,
      "date": "2022-04-04T07:45:03.629Z",
      "msg": "[Rebirth] Database connected.",
      "tag": "",
      "v": 1
    },
    {
      "level": 3,
      "time": 1649058303687,
      "date": "2022-04-04T07:45:03.687Z",
      "msg": "[Rebirth] Player Service Initialized.",
      "tag": "",
      "v": 1
    },
    {
      "level": 3,
      "time": 1649058304260,
      "date": "2022-04-04T07:45:04.260Z",
      "msg": "[Rebirth] Discord API Connection Established.",
      "tag": "",
      "v": 1
    },
    {
      "level": 3,
      "time": 1649058304642,
      "date": "2022-04-04T07:45:04.642Z",
      "msg": "[Player Service] Loaded Player [BigBoy23]",
      "tag": "",
      "v": 1
    },
    {
      "level": 3,
      "time": 1649058315144,
      "date": "2022-04-04T07:45:15.144Z",
      "msg": "[Rebirth] Framework initializing.",
      "tag": "",
      "v": 1
    },
    {
      "level": 3,
      "time": 1649058315270,
      "date": "2022-04-04T07:45:15.270Z",
      "msg": "[Rebirth] Database connected.",
      "tag": "",
      "v": 1
    },
    {
      "level": 3,
      "time": 1649058315404,
      "date": "2022-04-04T07:45:15.404Z",
      "msg": "[Rebirth] Player Service Initialized.",
      "tag": "",
      "v": 1
    },
    {
      "level": 3,
      "time": 1649058315963,
      "date": "2022-04-04T07:45:15.963Z",
      "msg": "[Rebirth] Discord API Connection Established.",
      "tag": "",
      "v": 1
    },
    {
      "level": 3,
      "time": 1649058316292,
      "date": "2022-04-04T07:45:16.292Z",
      "msg": "[Player Service] Loaded Player [BigBoy23]",
      "tag": "",
      "v": 1
    },
    {
      "level": 3,
      "time": 1649058334873,
      "date": "2022-04-04T07:45:34.873Z",
      "msg": "[Rebirth] Framework initializing.",
      "tag": "",
      "v": 1
    },
    {
      "level": 3,
      "time": 1649058334968,
      "date": "2022-04-04T07:45:34.968Z",
      "msg": "[Rebirth] Database connected.",
      "tag": "",
      "v": 1
    },
    {
      "level": 3,
      "time": 1649058335112,
      "date": "2022-04-04T07:45:35.112Z",
      "msg": "[Rebirth] Player Service Initialized.",
      "tag": "",
      "v": 1
    },
    {
      "level": 3,
      "time": 1649058335589,
      "date": "2022-04-04T07:45:35.589Z",
      "msg": "[Rebirth] Discord API Connection Established.",
      "tag": "",
      "v": 1
    },
    {
      "level": 3,
      "time": 1649058336000,
      "date": "2022-04-04T07:45:36.000Z",
      "msg": "[Player Service] Loaded Player [BigBoy23]",
      "tag": "",
      "v": 1
    },
    {
      "level": 3,
      "time": 1649058354565,
      "date": "2022-04-04T07:45:54.565Z",
      "msg": "[Rebirth] Framework initializing.",
      "tag": "",
      "v": 1
    },
    {
      "level": 3,
      "time": 1649058354709,
      "date": "2022-04-04T07:45:54.709Z",
      "msg": "[Rebirth] Database connected.",
      "tag": "",
      "v": 1
    },
    {
      "level": 3,
      "time": 1649058354768,
      "date": "2022-04-04T07:45:54.768Z",
      "msg": "[Rebirth] Player Service Initialized.",
      "tag": "",
      "v": 1
    },
    {
      "level": 3,
      "time": 1649058355505,
      "date": "2022-04-04T07:45:55.505Z",
      "msg": "[Rebirth] Discord API Connection Established.",
      "tag": "",
      "v": 1
    },
    {
      "level": 3,
      "time": 1649058355782,
      "date": "2022-04-04T07:45:55.782Z",
      "msg": "[Player Service] Loaded Player [BigBoy23]",
      "tag": "",
      "v": 1
    },
    {
      "level": 3,
      "time": 1649058357802,
      "date": "2022-04-04T07:45:57.802Z",
      "msg": "[Rebirth] Framework initializing.",
      "tag": "",
      "v": 1
    },
    {
      "level": 3,
      "time": 1649058357928,
      "date": "2022-04-04T07:45:57.928Z",
      "msg": "[Rebirth] Database connected.",
      "tag": "",
      "v": 1
    },
    {
      "level": 3,
      "time": 1649058357987,
      "date": "2022-04-04T07:45:57.987Z",
      "msg": "[Rebirth] Player Service Initialized.",
      "tag": "",
      "v": 1
    },
    {
      "level": 3,
      "time": 1649058358956,
      "date": "2022-04-04T07:45:58.956Z",
      "msg": "[Player Service] Loaded Player [BigBoy23]",
      "tag": "",
      "v": 1
    },
    {
      "level": 3,
      "time": 1649058365601,
      "date": "2022-04-04T07:46:05.601Z",
      "msg": "[Rebirth] Discord API Connection Established.",
      "tag": "",
      "v": 1
    },
    {
      "level": 3,
      "time": 1649058389627,
      "date": "2022-04-04T07:46:29.627Z",
      "msg": "[Rebirth] Framework initializing.",
      "tag": "",
      "v": 1
    },
    {
      "level": 3,
      "time": 1649058389770,
      "date": "2022-04-04T07:46:29.770Z",
      "msg": "[Rebirth] Database connected.",
      "tag": "",
      "v": 1
    },
    {
      "level": 3,
      "time": 1649058389886,
      "date": "2022-04-04T07:46:29.886Z",
      "msg": "[Rebirth] Player Service Initialized.",
      "tag": "",
      "v": 1
    },
    {
      "level": 3,
      "time": 1649058390627,
      "date": "2022-04-04T07:46:30.627Z",
      "msg": "[Rebirth] Discord API Connection Established.",
      "tag": "",
      "v": 1
    },
    {
      "level": 3,
      "time": 1649058390804,
      "date": "2022-04-04T07:46:30.804Z",
      "msg": "[Player Service] Loaded Player [BigBoy23]",
      "tag": "",
      "v": 1
    },
    {
      "level": 3,
      "time": 1649058419684,
      "date": "2022-04-04T07:46:59.684Z",
      "msg": "[Rebirth] Framework initializing.",
      "tag": "",
      "v": 1
    },
    {
      "level": 3,
      "time": 1649058419821,
      "date": "2022-04-04T07:46:59.821Z",
      "msg": "[Rebirth] Database connected.",
      "tag": "",
      "v": 1
    },
    {
      "level": 3,
      "time": 1649058419877,
      "date": "2022-04-04T07:46:59.877Z",
      "msg": "[Rebirth] Player Service Initialized.",
      "tag": "",
      "v": 1
    },
    {
      "level": 3,
      "time": 1649058420522,
      "date": "2022-04-04T07:47:00.522Z",
      "msg": "[Rebirth] Discord API Connection Established.",
      "tag": "",
      "v": 1
    },
    {
      "level": 3,
      "time": 1649058420861,
      "date": "2022-04-04T07:47:00.861Z",
      "msg": "[Player Service] Loaded Player [BigBoy23]",
      "tag": "",
      "v": 1
    },
    {
      "level": 3,
      "time": 1649058434981,
      "date": "2022-04-04T07:47:14.981Z",
      "msg": "[Rebirth] Framework initializing.",
      "tag": "",
      "v": 1
    },
    {
      "level": 3,
      "time": 1649058435152,
      "date": "2022-04-04T07:47:15.152Z",
      "msg": "[Rebirth] Database connected.",
      "tag": "",
      "v": 1
    },
    {
      "level": 3,
      "time": 1649058435211,
      "date": "2022-04-04T07:47:15.211Z",
      "msg": "[Rebirth] Player Service Initialized.",
      "tag": "",
      "v": 1
    },
    {
      "level": 3,
      "time": 1649058435798,
      "date": "2022-04-04T07:47:15.798Z",
      "msg": "[Rebirth] Discord API Connection Established.",
      "tag": "",
      "v": 1
    },
    {
      "level": 3,
      "time": 1649058436144,
      "date": "2022-04-04T07:47:16.144Z",
      "msg": "[Player Service] Loaded Player [BigBoy23]",
      "tag": "",
      "v": 1
    },
    {
      "level": 3,
      "time": 1649058437802,
      "date": "2022-04-04T07:47:17.802Z",
      "msg": "[Rebirth] Framework initializing.",
      "tag": "",
      "v": 1
    },
    {
      "level": 3,
      "time": 1649058437968,
      "date": "2022-04-04T07:47:17.968Z",
      "msg": "[Rebirth] Database connected.",
      "tag": "",
      "v": 1
    },
    {
      "level": 3,
      "time": 1649058438079,
      "date": "2022-04-04T07:47:18.079Z",
      "msg": "[Rebirth] Player Service Initialized.",
      "tag": "",
      "v": 1
    },
    {
      "level": 3,
      "time": 1649058439012,
      "date": "2022-04-04T07:47:19.012Z",
      "msg": "[Player Service] Loaded Player [BigBoy23]",
      "tag": "",
      "v": 1
    },
    {
      "level": 3,
      "time": 1649058443698,
      "date": "2022-04-04T07:47:23.698Z",
      "msg": "[Rebirth] Framework initializing.",
      "tag": "",
      "v": 1
    },
    {
      "level": 3,
      "time": 1649058443852,
      "date": "2022-04-04T07:47:23.852Z",
      "msg": "[Rebirth] Database connected.",
      "tag": "",
      "v": 1
    },
    {
      "level": 3,
      "time": 1649058443911,
      "date": "2022-04-04T07:47:23.911Z",
      "msg": "[Rebirth] Player Service Initialized.",
      "tag": "",
      "v": 1
    },
    {
      "level": 3,
      "time": 1649058444556,
      "date": "2022-04-04T07:47:24.556Z",
      "msg": "[Rebirth] Discord API Connection Established.",
      "tag": "",
      "v": 1
    },
    {
      "level": 3,
      "time": 1649058444880,
      "date": "2022-04-04T07:47:24.880Z",
      "msg": "[Player Service] Loaded Player [BigBoy23]",
      "tag": "",
      "v": 1
    },
    {
      "level": 4,
      "time": 1649058507138,
      "date": "2022-04-04T07:48:27.138Z",
      "msg": "",
      "tag": "",
      "v": 1
    },
    {
      "level": 3,
      "time": 1649058507487,
      "date": "2022-04-04T07:48:27.487Z",
      "msg": "[BigBoy23] Created Character idk idk",
      "tag": "",
      "v": 1
    },
    {
      "level": 3,
      "time": 1649058534525,
      "date": "2022-04-04T07:48:54.525Z",
      "msg": "[Rebirth] Framework initializing.",
      "tag": "",
      "v": 1
    },
    {
      "level": 3,
      "time": 1649058534657,
      "date": "2022-04-04T07:48:54.657Z",
      "msg": "[Rebirth] Database connected.",
      "tag": "",
      "v": 1
    },
    {
      "level": 3,
      "time": 1649058534763,
      "date": "2022-04-04T07:48:54.763Z",
      "msg": "[Rebirth] Player Service Initialized.",
      "tag": "",
      "v": 1
    },
    {
      "level": 3,
      "time": 1649058535327,
      "date": "2022-04-04T07:48:55.327Z",
      "msg": "[Rebirth] Discord API Connection Established.",
      "tag": "",
      "v": 1
    },
    {
      "level": 3,
      "time": 1649058535696,
      "date": "2022-04-04T07:48:55.696Z",
      "msg": "[Player Service] Loaded Player [BigBoy23]",
      "tag": "",
      "v": 1
    },
    {
      "level": 4,
      "time": 1649058539954,
      "date": "2022-04-04T07:48:59.954Z",
      "msg": "",
      "tag": "",
      "v": 1
    },
    {
      "level": 3,
      "time": 1649058540053,
      "date": "2022-04-04T07:49:00.053Z",
      "msg": "[BigBoy23] Created Character test test",
      "tag": "",
      "v": 1
    },
    {
      "level": 3,
      "time": 1649058564157,
      "date": "2022-04-04T07:49:24.157Z",
      "msg": "[Rebirth] Framework initializing.",
      "tag": "",
      "v": 1
    },
    {
      "level": 3,
      "time": 1649058564324,
      "date": "2022-04-04T07:49:24.324Z",
      "msg": "[Rebirth] Database connected.",
      "tag": "",
      "v": 1
    },
    {
      "level": 3,
      "time": 1649058564382,
      "date": "2022-04-04T07:49:24.382Z",
      "msg": "[Rebirth] Player Service Initialized.",
      "tag": "",
      "v": 1
    },
    {
      "level": 3,
      "time": 1649058564987,
      "date": "2022-04-04T07:49:24.987Z",
      "msg": "[Rebirth] Discord API Connection Established.",
      "tag": "",
      "v": 1
    },
    {
      "level": 3,
      "time": 1649058565351,
      "date": "2022-04-04T07:49:25.351Z",
      "msg": "[Player Service] Loaded Player [BigBoy23]",
      "tag": "",
      "v": 1
    },
    {
      "level": 3,
      "time": 1649058570938,
      "date": "2022-04-04T07:49:30.938Z",
      "msg": "[BigBoy23] Created Character dsfrtgdfg dfgdfgdfg",
      "tag": "",
      "v": 1
    },
    {
      "level": 3,
      "time": 1649058615914,
      "date": "2022-04-04T07:50:15.914Z",
      "msg": "[Rebirth] Framework initializing.",
      "tag": "",
      "v": 1
    },
    {
      "level": 3,
      "time": 1649058616044,
      "date": "2022-04-04T07:50:16.044Z",
      "msg": "[Rebirth] Database connected.",
      "tag": "",
      "v": 1
    },
    {
      "level": 3,
      "time": 1649058616108,
      "date": "2022-04-04T07:50:16.108Z",
      "msg": "[Rebirth] Player Service Initialized.",
      "tag": "",
      "v": 1
    },
    {
      "level": 3,
      "time": 1649058616840,
      "date": "2022-04-04T07:50:16.840Z",
      "msg": "[Rebirth] Discord API Connection Established.",
      "tag": "",
      "v": 1
    },
    {
      "level": 3,
      "time": 1649058617087,
      "date": "2022-04-04T07:50:17.087Z",
      "msg": "[Player Service] Loaded Player [BigBoy23]",
      "tag": "",
      "v": 1
    },
    {
      "level": 3,
      "time": 1649058626854,
      "date": "2022-04-04T07:50:26.854Z",
      "msg": "[Rebirth] Framework initializing.",
      "tag": "",
      "v": 1
    },
    {
      "level": 3,
      "time": 1649058626987,
      "date": "2022-04-04T07:50:26.987Z",
      "msg": "[Rebirth] Database connected.",
      "tag": "",
      "v": 1
    },
    {
      "level": 3,
      "time": 1649058627046,
      "date": "2022-04-04T07:50:27.046Z",
      "msg": "[Rebirth] Player Service Initialized.",
      "tag": "",
      "v": 1
    },
    {
      "level": 3,
      "time": 1649058627756,
      "date": "2022-04-04T07:50:27.756Z",
      "msg": "[Rebirth] Discord API Connection Established.",
      "tag": "",
      "v": 1
    },
    {
      "level": 3,
      "time": 1649058628056,
      "date": "2022-04-04T07:50:28.056Z",
      "msg": "[Player Service] Loaded Player [BigBoy23]",
      "tag": "",
      "v": 1
    },
    {
      "level": 3,
      "time": 1649058632709,
      "date": "2022-04-04T07:50:32.709Z",
      "msg": "[BigBoy23] Created Character test test",
      "tag": "",
      "v": 1
    },
    {
      "level": 3,
      "time": 1649058639361,
      "date": "2022-04-04T07:50:39.361Z",
      "msg": "BigBoy23 has left the server.",
      "tag": "",
      "v": 1
    },
    {
      "level": 3,
      "time": 1649099883258,
      "date": "2022-04-04T19:18:03.258Z",
      "msg": "[Rebirth] Framework initializing.",
      "tag": "",
      "v": 1
    },
    {
      "level": 3,
      "time": 1649099883535,
      "date": "2022-04-04T19:18:03.535Z",
      "msg": "[Rebirth] Database connected.",
      "tag": "",
      "v": 1
    },
    {
      "level": 3,
      "time": 1649099883562,
      "date": "2022-04-04T19:18:03.562Z",
      "msg": "[Rebirth] Player Service Initialized.",
      "tag": "",
      "v": 1
    },
    {
      "level": 3,
      "time": 1649099884398,
      "date": "2022-04-04T19:18:04.398Z",
      "msg": "[Rebirth] Discord API Connection Established.",
      "tag": "",
      "v": 1
    }
  ]
}