{
  "logs": [
    {
      "level": 1,
      "time": 1648891031621,
      "date": "2022-04-02T09:17:11.621Z",
      "msg": {
        "ok": 0,
        "code": 28,
        "codeName": "PathNotViable"
      },
      "tag": "",
      "v": 1
    },
    {
      "level": 1,
      "time": 1648891059812,
      "date": "2022-04-02T09:17:39.812Z",
      "msg": {
        "ok": 0,
        "code": 28,
        "codeName": "PathNotViable"
      },
      "tag": "",
      "v": 1
    },
    {
      "level": 1,
      "time": 1648891080646,
      "date": "2022-04-02T09:18:00.646Z",
      "msg": {
        "ok": 0,
        "code": 28,
        "codeName": "PathNotViable"
      },
      "tag": "",
      "v": 1
    },
    {
      "level": 1,
      "time": 1648891127076,
      "date": "2022-04-02T09:18:47.076Z",
      "msg": {
        "ok": 0,
        "code": 28,
        "codeName": "PathNotViable"
      },
      "tag": "",
      "v": 1
    }
  ]
}